e:\123\chatmachine\server\debug\server.pch
e:\123\chatmachine\server\debug\stdafx.obj
e:\123\chatmachine\server\debug\vc100.pdb
e:\123\chatmachine\server\debug\server.obj
c:\users\lenovo\desktop\服务器端\chatmachine\server\debug\server.pch
c:\users\lenovo\desktop\服务器端\chatmachine\server\debug\stdafx.obj
c:\users\lenovo\desktop\服务器端\chatmachine\server\debug\vc100.pdb
c:\users\lenovo\desktop\服务器端\chatmachine\server\debug\server.obj
e:\123\chatmachine\debug\server.ilk
e:\123\chatmachine\debug\server.exe
e:\123\chatmachine\server\debug\server.exe.intermediate.manifest
e:\123\chatmachine\debug\server.pdb
c:\users\lenovo\desktop\服务器端\chatmachine\debug\server.ilk
c:\users\lenovo\desktop\服务器端\chatmachine\debug\server.exe
c:\users\lenovo\desktop\服务器端\chatmachine\server\debug\server.exe.intermediate.manifest
c:\users\lenovo\desktop\服务器端\chatmachine\debug\server.pdb
e:\123\chatmachine\server\debug\server.exe.embed.manifest
e:\123\chatmachine\server\debug\server.exe.embed.manifest.res
c:\users\lenovo\desktop\服务器端\chatmachine\server\debug\server.exe.embed.manifest.res
f:\服务器端\chatmachine\server\debug\server.pch
f:\服务器端\chatmachine\server\debug\vc120.pdb
f:\服务器端\chatmachine\server\debug\vc120.idb
f:\服务器端\chatmachine\server\debug\stdafx.obj
f:\服务器端\chatmachine\server\debug\server.obj
f:\服务器端\chatmachine\server\debug\server.vcxprojresolveassemblyreference.cache
f:\服务器端\chatmachine\server\debug\cl.command.1.tlog
f:\服务器端\chatmachine\server\debug\cl.read.1.tlog
f:\服务器端\chatmachine\server\debug\cl.write.1.tlog
f:\服务器端\chatmachine\server\debug\link-cvtres.read.1.tlog
f:\服务器端\chatmachine\server\debug\link-cvtres.write.1.tlog
f:\服务器端\chatmachine\server\debug\link.6932-cvtres.read.1.tlog
f:\服务器端\chatmachine\server\debug\link.6932-cvtres.write.1.tlog
f:\服务器端\chatmachine\server\debug\link.6932.read.1.tlog
f:\服务器端\chatmachine\server\debug\link.6932.write.1.tlog
f:\服务器端\chatmachine\server\debug\link.7868-cvtres.read.1.tlog
f:\服务器端\chatmachine\server\debug\link.7868-cvtres.write.1.tlog
f:\服务器端\chatmachine\server\debug\link.7868.read.1.tlog
f:\服务器端\chatmachine\server\debug\link.7868.write.1.tlog
f:\服务器端\chatmachine\server\debug\link.command.1.tlog
f:\服务器端\chatmachine\server\debug\link.read.1.tlog
f:\服务器端\chatmachine\server\debug\link.write.1.tlog
f:\服务器端\chatmachine\server\debug\mt.command.1.tlog
f:\服务器端\chatmachine\server\debug\mt.read.1.tlog
f:\服务器端\chatmachine\server\debug\mt.write.1.tlog
f:\服务器端\chatmachine\server\debug\rc.command.1.tlog
f:\服务器端\chatmachine\server\debug\rc.read.1.tlog
f:\服务器端\chatmachine\server\debug\rc.write.1.tlog
f:\服务器端\chatmachine\server\debug\server.write.1.tlog
f:\服务器端\chatmachine\server\debug\server.exe.embed.manifest
f:\服务器端\chatmachine\server\debug\server.exe.intermediate.manifest
f:\服务器端\chatmachine\server\debug\server.exe.embed.manifest.res
f:\服务器端\chatmachine\server\debug\vc100.idb
f:\服务器端\chatmachine\server\debug\vc100.pdb
f:\服务器端\chatmachine\server\debug\server_manifest.rc
f:\服务器端\chatmachine\debug\server.pdb
f:\服务器端\chatmachine\server\debug\server.tlog\cl.command.1.tlog
f:\服务器端\chatmachine\server\debug\server.tlog\cl.read.1.tlog
f:\服务器端\chatmachine\server\debug\server.tlog\cl.write.1.tlog
f:\服务器端\chatmachine\server\debug\server.tlog\link-cvtres.read.1.tlog
f:\服务器端\chatmachine\server\debug\server.tlog\link-cvtres.write.1.tlog
f:\服务器端\chatmachine\server\debug\server.tlog\link-rc.read.1.tlog
f:\服务器端\chatmachine\server\debug\server.tlog\link-rc.write.1.tlog
f:\服务器端\chatmachine\server\debug\server.tlog\link.command.1.tlog
f:\服务器端\chatmachine\server\debug\server.tlog\link.read.1.tlog
f:\服务器端\chatmachine\server\debug\server.tlog\link.write.1.tlog
